<?xml version="1.0" encoding="UTF-8"?>
<!-- Generated by org.testng.reporters.JUnitReportReporter -->
<testsuite skipped="1" hostname="jacky-zhao" name="com.course.cases.GetUserListTest" tests="1" failures="0" timestamp="2022-01-10T21:11:11 CST" time="0.000" errors="0">
  <testcase name="getUserList" time="0.000" classname="com.course.cases.GetUserListTest">
    <skipped/>
  </testcase> <!-- getUserList -->
  <system-out/>
</testsuite> <!-- com.course.cases.GetUserListTest -->
